<?xml version="1.0" encoding="UTF-8"?>
<!-- Generated by org.testng.reporters.JUnitXMLReporter -->
<testsuite ignored="4" hostname="IB-Pune-LAP-329" failures="0" tests="9" name="Test" time="11.598" errors="0" timestamp="2023-08-31T02:35:41 IST">
  <testcase classname="com.RESTAPI.UserProfileTest" name="getUserProfile" time="2.883"/>
  <testcase classname="com.RESTAPI.UserReposTest" name="createRepo" time="1.908"/>
  <testcase classname="com.RESTAPI.UserReposTest" name="getAllRepo" time="0.812"/>
  <testcase classname="com.RESTAPI.UserReposTest" name="getUserRepo" time="0.587"/>
  <testcase classname="com.RESTAPI.UserFiles" name="createFile" time="0.697"/>
  <testcase classname="com.RESTAPI.UserFiles" name="getFile" time="0.618"/>
  <testcase classname="com.RESTAPI.UserFiles" name="updateFile" time="1.301"/>
  <testcase classname="com.RESTAPI.UserFiles" name="deleteFile" time="0.682"/>
  <testcase classname="com.RESTAPI.UserFiles" name="deleteUserRepo" time="0.568"/>
  <testcase classname="com.RESTAPI.SetUp_TearDown" name="@BeforeTest beforeTest" time="0.0">
    <ignored/>
  </testcase> <!-- @BeforeTest beforeTest -->
  <testcase classname="com.RESTAPI.SetUp_TearDown" name="@BeforeSuite beforeSuite" time="0.0">
    <ignored/>
  </testcase> <!-- @BeforeSuite beforeSuite -->
  <testcase classname="com.RESTAPI.SetUp_TearDown" name="@BeforeTest beforeTest" time="0.0">
    <ignored/>
  </testcase> <!-- @BeforeTest beforeTest -->
  <testcase classname="com.RESTAPI.SetUp_TearDown" name="@BeforeSuite beforeSuite" time="0.0">
    <ignored/>
  </testcase> <!-- @BeforeSuite beforeSuite -->
</testsuite> <!-- Test -->
