<?xml version="1.0" encoding="UTF-8"?>
<testng-results ignored="0" total="9" passed="9" failed="0" skipped="0">
  <reporter-output>
  </reporter-output>
  <suite started-at="2023-08-31T02:35:30 IST" name="Suite" finished-at="2023-08-31T02:35:41 IST" duration-ms="11598">
    <groups>
    </groups>
    <test started-at="2023-08-31T02:35:30 IST" name="Test" finished-at="2023-08-31T02:35:41 IST" duration-ms="11598">
      <class name="com.RESTAPI.UserFiles">
        <test-method is-config="true" signature="beforeClass()[pri:0, instance:com.RESTAPI.UserFiles@2a65fe7c]" started-at="2023-08-31T02:35:37 IST" name="beforeClass" finished-at="2023-08-31T02:35:37 IST" duration-ms="4" status="PASS">
          <reporter-output>
          </reporter-output>
        </test-method> <!-- beforeClass -->
        <test-method signature="createFile()[pri:1, instance:com.RESTAPI.UserFiles@2a65fe7c]" started-at="2023-08-31T02:35:37 IST" name="createFile" finished-at="2023-08-31T02:35:38 IST" duration-ms="697" status="PASS">
          <reporter-output>
          </reporter-output>
        </test-method> <!-- createFile -->
        <test-method is-config="true" signature="afterMethod(org.testng.ITestContext)[pri:0, instance:com.RESTAPI.UserFiles@2a65fe7c]" started-at="2023-08-31T02:35:38 IST" name="afterMethod" finished-at="2023-08-31T02:35:38 IST" duration-ms="48" status="PASS">
          <params>
            <param index="0">
              <value>
                <![CDATA[org.testng.TestRunner@13dc6649]]>
              </value>
            </param>
          </params>
          <reporter-output>
          </reporter-output>
        </test-method> <!-- afterMethod -->
        <test-method signature="getFile()[pri:2, instance:com.RESTAPI.UserFiles@2a65fe7c]" started-at="2023-08-31T02:35:38 IST" name="getFile" finished-at="2023-08-31T02:35:39 IST" duration-ms="618" status="PASS">
          <reporter-output>
          </reporter-output>
        </test-method> <!-- getFile -->
        <test-method is-config="true" signature="afterMethod(org.testng.ITestContext)[pri:0, instance:com.RESTAPI.UserFiles@2a65fe7c]" started-at="2023-08-31T02:35:39 IST" name="afterMethod" finished-at="2023-08-31T02:35:39 IST" duration-ms="25" status="PASS">
          <params>
            <param index="0">
              <value>
                <![CDATA[org.testng.TestRunner@13dc6649]]>
              </value>
            </param>
          </params>
          <reporter-output>
          </reporter-output>
        </test-method> <!-- afterMethod -->
        <test-method signature="updateFile()[pri:3, instance:com.RESTAPI.UserFiles@2a65fe7c]" started-at="2023-08-31T02:35:39 IST" name="updateFile" finished-at="2023-08-31T02:35:40 IST" duration-ms="1301" status="PASS">
          <reporter-output>
          </reporter-output>
        </test-method> <!-- updateFile -->
        <test-method is-config="true" signature="afterMethod(org.testng.ITestContext)[pri:0, instance:com.RESTAPI.UserFiles@2a65fe7c]" started-at="2023-08-31T02:35:40 IST" name="afterMethod" finished-at="2023-08-31T02:35:40 IST" duration-ms="60" status="PASS">
          <params>
            <param index="0">
              <value>
                <![CDATA[org.testng.TestRunner@13dc6649]]>
              </value>
            </param>
          </params>
          <reporter-output>
          </reporter-output>
        </test-method> <!-- afterMethod -->
        <test-method signature="deleteFile()[pri:4, instance:com.RESTAPI.UserFiles@2a65fe7c]" started-at="2023-08-31T02:35:40 IST" name="deleteFile" finished-at="2023-08-31T02:35:41 IST" duration-ms="682" status="PASS">
          <reporter-output>
          </reporter-output>
        </test-method> <!-- deleteFile -->
        <test-method is-config="true" signature="afterMethod(org.testng.ITestContext)[pri:0, instance:com.RESTAPI.UserFiles@2a65fe7c]" started-at="2023-08-31T02:35:41 IST" name="afterMethod" finished-at="2023-08-31T02:35:41 IST" duration-ms="21" status="PASS">
          <params>
            <param index="0">
              <value>
                <![CDATA[org.testng.TestRunner@13dc6649]]>
              </value>
            </param>
          </params>
          <reporter-output>
          </reporter-output>
        </test-method> <!-- afterMethod -->
        <test-method signature="deleteUserRepo()[pri:5, instance:com.RESTAPI.UserFiles@2a65fe7c]" started-at="2023-08-31T02:35:41 IST" name="deleteUserRepo" finished-at="2023-08-31T02:35:41 IST" duration-ms="568" status="PASS">
          <reporter-output>
          </reporter-output>
        </test-method> <!-- deleteUserRepo -->
        <test-method is-config="true" signature="afterMethod(org.testng.ITestContext)[pri:0, instance:com.RESTAPI.UserFiles@2a65fe7c]" started-at="2023-08-31T02:35:41 IST" name="afterMethod" finished-at="2023-08-31T02:35:41 IST" duration-ms="67" status="PASS">
          <params>
            <param index="0">
              <value>
                <![CDATA[org.testng.TestRunner@13dc6649]]>
              </value>
            </param>
          </params>
          <reporter-output>
          </reporter-output>
        </test-method> <!-- afterMethod -->
      </class> <!-- com.RESTAPI.UserFiles -->
      <class name="com.RESTAPI.UserReposTest">
        <test-method is-config="true" signature="beforeClass()[pri:0, instance:com.RESTAPI.UserReposTest@4562e04d]" started-at="2023-08-31T02:35:34 IST" name="beforeClass" finished-at="2023-08-31T02:35:34 IST" duration-ms="6" status="PASS">
          <reporter-output>
          </reporter-output>
        </test-method> <!-- beforeClass -->
        <test-method signature="createRepo()[pri:1, instance:com.RESTAPI.UserReposTest@4562e04d]" started-at="2023-08-31T02:35:34 IST" name="createRepo" finished-at="2023-08-31T02:35:36 IST" duration-ms="1908" status="PASS">
          <reporter-output>
          </reporter-output>
        </test-method> <!-- createRepo -->
        <test-method is-config="true" signature="afterMethod(org.testng.ITestContext)[pri:0, instance:com.RESTAPI.UserReposTest@4562e04d]" started-at="2023-08-31T02:35:36 IST" name="afterMethod" finished-at="2023-08-31T02:35:36 IST" duration-ms="30" status="PASS">
          <params>
            <param index="0">
              <value>
                <![CDATA[org.testng.TestRunner@13dc6649]]>
              </value>
            </param>
          </params>
          <reporter-output>
          </reporter-output>
        </test-method> <!-- afterMethod -->
        <test-method signature="getAllRepo()[pri:2, instance:com.RESTAPI.UserReposTest@4562e04d]" started-at="2023-08-31T02:35:36 IST" name="getAllRepo" finished-at="2023-08-31T02:35:37 IST" duration-ms="812" status="PASS">
          <reporter-output>
          </reporter-output>
        </test-method> <!-- getAllRepo -->
        <test-method is-config="true" signature="afterMethod(org.testng.ITestContext)[pri:0, instance:com.RESTAPI.UserReposTest@4562e04d]" started-at="2023-08-31T02:35:37 IST" name="afterMethod" finished-at="2023-08-31T02:35:37 IST" duration-ms="27" status="PASS">
          <params>
            <param index="0">
              <value>
                <![CDATA[org.testng.TestRunner@13dc6649]]>
              </value>
            </param>
          </params>
          <reporter-output>
          </reporter-output>
        </test-method> <!-- afterMethod -->
        <test-method signature="getUserRepo()[pri:3, instance:com.RESTAPI.UserReposTest@4562e04d]" started-at="2023-08-31T02:35:37 IST" name="getUserRepo" finished-at="2023-08-31T02:35:37 IST" duration-ms="587" status="PASS">
          <reporter-output>
          </reporter-output>
        </test-method> <!-- getUserRepo -->
        <test-method is-config="true" signature="afterMethod(org.testng.ITestContext)[pri:0, instance:com.RESTAPI.UserReposTest@4562e04d]" started-at="2023-08-31T02:35:37 IST" name="afterMethod" finished-at="2023-08-31T02:35:37 IST" duration-ms="17" status="PASS">
          <params>
            <param index="0">
              <value>
                <![CDATA[org.testng.TestRunner@13dc6649]]>
              </value>
            </param>
          </params>
          <reporter-output>
          </reporter-output>
        </test-method> <!-- afterMethod -->
      </class> <!-- com.RESTAPI.UserReposTest -->
      <class name="com.RESTAPI.UserProfileTest">
        <test-method is-config="true" signature="beforeSuite()[pri:0, instance:com.RESTAPI.UserProfileTest@55b699ef]" started-at="2023-08-31T02:35:29 IST" name="beforeSuite" finished-at="2023-08-31T02:35:30 IST" duration-ms="346" status="PASS">
          <reporter-output>
          </reporter-output>
        </test-method> <!-- beforeSuite -->
        <test-method is-config="true" signature="beforeTest()[pri:0, instance:com.RESTAPI.UserProfileTest@55b699ef]" started-at="2023-08-31T02:35:30 IST" name="beforeTest" finished-at="2023-08-31T02:35:30 IST" duration-ms="523" status="PASS">
          <reporter-output>
          </reporter-output>
        </test-method> <!-- beforeTest -->
        <test-method is-config="true" signature="beforeClass()[pri:0, instance:com.RESTAPI.UserProfileTest@55b699ef]" started-at="2023-08-31T02:35:30 IST" name="beforeClass" finished-at="2023-08-31T02:35:31 IST" duration-ms="289" status="PASS">
          <reporter-output>
          </reporter-output>
        </test-method> <!-- beforeClass -->
        <test-method signature="getUserProfile()[pri:1, instance:com.RESTAPI.UserProfileTest@55b699ef]" started-at="2023-08-31T02:35:31 IST" name="getUserProfile" finished-at="2023-08-31T02:35:33 IST" duration-ms="2883" status="PASS">
          <reporter-output>
          </reporter-output>
        </test-method> <!-- getUserProfile -->
        <test-method is-config="true" signature="afterMethod(org.testng.ITestContext)[pri:0, instance:com.RESTAPI.UserProfileTest@55b699ef]" started-at="2023-08-31T02:35:33 IST" name="afterMethod" finished-at="2023-08-31T02:35:34 IST" duration-ms="309" status="PASS">
          <params>
            <param index="0">
              <value>
                <![CDATA[org.testng.TestRunner@13dc6649]]>
              </value>
            </param>
          </params>
          <reporter-output>
          </reporter-output>
        </test-method> <!-- afterMethod -->
      </class> <!-- com.RESTAPI.UserProfileTest -->
    </test> <!-- Test -->
  </suite> <!-- Suite -->
</testng-results>
