<?xml version="1.0" encoding="UTF-8"?>
<!-- Generated by org.testng.reporters.JUnitXMLReporter -->
<testsuite ignored="0" hostname="IB-Pune-LAP-329" failures="0" tests="9" name="Test" time="10.427" errors="0" timestamp="2023-08-21T17:33:42 IST">
  <testcase classname="com.RESTAPI.UserProfileTest" name="getUserProfile" time="3.003"/>
  <testcase classname="com.RESTAPI.UserProfileTest" name="createRepo" time="1.614"/>
  <testcase classname="com.RESTAPI.UserProfileTest" name="getAllRepo" time="0.633"/>
  <testcase classname="com.RESTAPI.UserProfileTest" name="getUserRepo" time="0.488"/>
  <testcase classname="com.RESTAPI.UserProfileTest" name="createFile" time="0.629"/>
  <testcase classname="com.RESTAPI.UserProfileTest" name="getFile" time="0.5"/>
  <testcase classname="com.RESTAPI.UserProfileTest" name="updateFile" time="1.083"/>
  <testcase classname="com.RESTAPI.UserProfileTest" name="deleteFile" time="0.577"/>
  <testcase classname="com.RESTAPI.UserProfileTest" name="deleteUserRepo" time="0.535"/>
</testsuite> <!-- Test -->
