<?xml version="1.0" encoding="UTF-8"?>
<!-- Generated by org.testng.reporters.JUnitXMLReporter -->
<testsuite ignored="0" hostname="IB-Pune-LAP-329" failures="0" tests="9" name="Test" time="10.098" errors="0" timestamp="2023-08-14T00:38:34 IST">
  <testcase classname="com.RESTAPI.UserProfileTest" name="getUserProfile" time="2.72"/>
  <testcase classname="com.RESTAPI.UserProfileTest" name="createRepo" time="1.608"/>
  <testcase classname="com.RESTAPI.UserProfileTest" name="getAllRepo" time="0.687"/>
  <testcase classname="com.RESTAPI.UserProfileTest" name="getUserRepo" time="0.527"/>
  <testcase classname="com.RESTAPI.UserProfileTest" name="createFile" time="0.617"/>
  <testcase classname="com.RESTAPI.UserProfileTest" name="getFile" time="0.462"/>
  <testcase classname="com.RESTAPI.UserProfileTest" name="updateFile" time="0.991"/>
  <testcase classname="com.RESTAPI.UserProfileTest" name="deleteFile" time="0.599"/>
  <testcase classname="com.RESTAPI.UserProfileTest" name="deleteUserRepo" time="0.495"/>
</testsuite> <!-- Test -->
